<?xml version="1.0" encoding="UTF-8"?>
<coverage generated="1752968117723" clover="3.2.0">
  <project timestamp="1752968117723" name="All files">
    <metrics statements="49" coveredstatements="49" conditionals="25" coveredconditionals="22" methods="13" coveredmethods="13" elements="87" coveredelements="84" complexity="0" loc="49" ncloc="49" packages="7" files="8" classes="8"/>
    <package name="components.Button">
      <metrics statements="7" coveredstatements="7" conditionals="6" coveredconditionals="6" methods="1" coveredmethods="1"/>
      <file name="Button.tsx" path="C:\Projects\zeus-app\src\app\components\Button\Button.tsx">
        <metrics statements="7" coveredstatements="7" conditionals="6" coveredconditionals="6" methods="1" coveredmethods="1"/>
        <line num="11" count="3" type="stmt"/>
        <line num="18" count="14" type="stmt"/>
        <line num="19" count="14" type="stmt"/>
        <line num="20" count="14" type="stmt"/>
        <line num="21" count="14" type="stmt"/>
        <line num="24" count="14" type="cond" truecount="2" falsecount="0"/>
        <line num="30" count="14" type="stmt"/>
      </file>
    </package>
    <package name="components.Dashboard">
      <metrics statements="5" coveredstatements="5" conditionals="2" coveredconditionals="2" methods="1" coveredmethods="1"/>
      <file name="Dashboard.tsx" path="C:\Projects\zeus-app\src\app\components\Dashboard\Dashboard.tsx">
        <metrics statements="5" coveredstatements="5" conditionals="2" coveredconditionals="2" methods="1" coveredmethods="1"/>
        <line num="9" count="1" type="stmt"/>
        <line num="10" count="4" type="stmt"/>
        <line num="13" count="4" type="cond" truecount="2" falsecount="0"/>
        <line num="14" count="4" type="stmt"/>
        <line num="16" count="4" type="stmt"/>
      </file>
    </package>
    <package name="components.Home">
      <metrics statements="3" coveredstatements="3" conditionals="0" coveredconditionals="0" methods="1" coveredmethods="1"/>
      <file name="Home.tsx" path="C:\Projects\zeus-app\src\app\components\Home\Home.tsx">
        <metrics statements="3" coveredstatements="3" conditionals="0" coveredconditionals="0" methods="1" coveredmethods="1"/>
        <line num="10" count="1" type="stmt"/>
        <line num="11" count="4" type="stmt"/>
        <line num="12" count="4" type="stmt"/>
      </file>
    </package>
    <package name="components.Navbar">
      <metrics statements="2" coveredstatements="2" conditionals="2" coveredconditionals="2" methods="1" coveredmethods="1"/>
      <file name="Navbar.tsx" path="C:\Projects\zeus-app\src\app\components\Navbar\Navbar.tsx">
        <metrics statements="2" coveredstatements="2" conditionals="2" coveredconditionals="2" methods="1" coveredmethods="1"/>
        <line num="14" count="1" type="stmt"/>
        <line num="15" count="6" type="stmt"/>
      </file>
    </package>
    <package name="components.auth">
      <metrics statements="11" coveredstatements="11" conditionals="2" coveredconditionals="2" methods="4" coveredmethods="4"/>
      <file name="SignIn.tsx" path="C:\Projects\zeus-app\src\app\components\auth\SignIn.tsx">
        <metrics statements="7" coveredstatements="7" conditionals="2" coveredconditionals="2" methods="2" coveredmethods="2"/>
        <line num="10" count="1" type="stmt"/>
        <line num="11" count="4" type="stmt"/>
        <line num="12" count="4" type="stmt"/>
        <line num="14" count="4" type="stmt"/>
        <line num="15" count="2" type="cond" truecount="2" falsecount="0"/>
        <line num="16" count="1" type="stmt"/>
        <line num="20" count="4" type="stmt"/>
      </file>
      <file name="SignOut.tsx" path="C:\Projects\zeus-app\src\app\components\auth\SignOut.tsx">
        <metrics statements="4" coveredstatements="4" conditionals="0" coveredconditionals="0" methods="2" coveredmethods="2"/>
        <line num="10" count="1" type="stmt"/>
        <line num="11" count="3" type="stmt"/>
        <line num="12" count="3" type="stmt"/>
        <line num="14" count="3" type="stmt"/>
      </file>
    </package>
    <package name="components.loading">
      <metrics statements="2" coveredstatements="2" conditionals="0" coveredconditionals="0" methods="1" coveredmethods="1"/>
      <file name="AppLoader.tsx" path="C:\Projects\zeus-app\src\app\components\loading\AppLoader.tsx">
        <metrics statements="2" coveredstatements="2" conditionals="0" coveredconditionals="0" methods="1" coveredmethods="1"/>
        <line num="6" count="1" type="stmt"/>
        <line num="7" count="2" type="stmt"/>
      </file>
    </package>
    <package name="lib.hooks">
      <metrics statements="19" coveredstatements="19" conditionals="13" coveredconditionals="10" methods="4" coveredmethods="4"/>
      <file name="useInitializeMsal.ts" path="C:\Projects\zeus-app\src\app\lib\hooks\useInitializeMsal.ts">
        <metrics statements="19" coveredstatements="19" conditionals="13" coveredconditionals="10" methods="4" coveredmethods="4"/>
        <line num="10" count="1" type="stmt"/>
        <line num="11" count="6" type="stmt"/>
        <line num="13" count="6" type="stmt"/>
        <line num="14" count="3" type="stmt"/>
        <line num="15" count="3" type="stmt"/>
        <line num="17" count="3" type="stmt"/>
        <line num="18" count="3" type="cond" truecount="3" falsecount="1"/>
        <line num="19" count="3" type="stmt"/>
        <line num="22" count="3" type="stmt"/>
        <line num="23" count="3" type="stmt"/>
        <line num="28" count="2" type="cond" truecount="1" falsecount="1"/>
        <line num="29" count="2" type="stmt"/>
        <line num="35" count="3" type="stmt"/>
        <line num="37" count="3" type="stmt"/>
        <line num="38" count="1" type="cond" truecount="1" falsecount="1"/>
        <line num="43" count="1" type="stmt"/>
        <line num="49" count="3" type="stmt"/>
        <line num="52" count="3" type="stmt"/>
        <line num="55" count="6" type="stmt"/>
      </file>
    </package>
  </project>
</coverage>
