{"C:\\Projects\\zeus-app\\src\\app\\components\\Button\\Button.tsx": {"path":"C:\\Projects\\zeus-app\\src\\app\\components\\Button\\Button.tsx","statementMap":{"0":{"start":{"line":11,"column":38},"end":{"line":35,"column":1}},"1":{"start":{"line":18,"column":4},"end":{"line":18,"column":152}},"2":{"start":{"line":19,"column":24},"end":{"line":19,"column":86}},"3":{"start":{"line":20,"column":24},"end":{"line":20,"column":79}},"4":{"start":{"line":21,"column":25},"end":{"line":21,"column":79}},"5":{"start":{"line":24,"column":23},"end":{"line":28,"column":21}},"6":{"start":{"line":30,"column":2},"end":{"line":34,"column":4}}},"fnMap":{"0":{"name":"(anonymous_0)","decl":{"start":{"line":11,"column":38},"end":{"line":11,"column":39}},"loc":{"start":{"line":16,"column":6},"end":{"line":35,"column":1}},"line":16}},"branchMap":{"0":{"loc":{"start":{"line":14,"column":2},"end":{"line":14,"column":18}},"type":"default-arg","locations":[{"start":{"line":14,"column":9},"end":{"line":14,"column":18}}],"line":14},"1":{"loc":{"start":{"line":15,"column":2},"end":{"line":15,"column":18}},"type":"default-arg","locations":[{"start":{"line":15,"column":13},"end":{"line":15,"column":18}}],"line":15},"2":{"loc":{"start":{"line":24,"column":23},"end":{"line":28,"column":21}},"type":"cond-expr","locations":[{"start":{"line":25,"column":6},"end":{"line":25,"column":20}},{"start":{"line":26,"column":6},"end":{"line":28,"column":21}}],"line":24},"3":{"loc":{"start":{"line":26,"column":6},"end":{"line":28,"column":21}},"type":"cond-expr","locations":[{"start":{"line":27,"column":8},"end":{"line":27,"column":21}},{"start":{"line":28,"column":8},"end":{"line":28,"column":21}}],"line":26}},"s":{"0":3,"1":14,"2":14,"3":14,"4":14,"5":14,"6":14},"f":{"0":14},"b":{"0":[13],"1":[13],"2":[1,13],"3":[1,12]},"_coverageSchema":"1a1c01bbd47fc00a2c39e90264f33305004495a9","hash":"f8962c3269aabbea14a0bc1c092fb2c0fd2e8b44"}
,"C:\\Projects\\zeus-app\\src\\app\\components\\Dashboard\\Dashboard.tsx": {"path":"C:\\Projects\\zeus-app\\src\\app\\components\\Dashboard\\Dashboard.tsx","statementMap":{"0":{"start":{"line":9,"column":28},"end":{"line":24,"column":1}},"1":{"start":{"line":10,"column":16},"end":{"line":10,"column":32}},"2":{"start":{"line":13,"column":15},"end":{"line":13,"column":30}},"3":{"start":{"line":14,"column":23},"end":{"line":14,"column":27}},"4":{"start":{"line":16,"column":2},"end":{"line":23,"column":4}}},"fnMap":{"0":{"name":"(anonymous_0)","decl":{"start":{"line":9,"column":28},"end":{"line":9,"column":29}},"loc":{"start":{"line":9,"column":34},"end":{"line":24,"column":1}},"line":9}},"branchMap":{"0":{"loc":{"start":{"line":13,"column":15},"end":{"line":13,"column":30}},"type":"binary-expr","locations":[{"start":{"line":13,"column":15},"end":{"line":13,"column":24}},{"start":{"line":13,"column":28},"end":{"line":13,"column":30}}],"line":13}},"s":{"0":1,"1":4,"2":4,"3":4,"4":4},"f":{"0":4},"b":{"0":[4,1]},"_coverageSchema":"1a1c01bbd47fc00a2c39e90264f33305004495a9","hash":"8f330762bb38cd1848ca7cce4dbca965b598d044"}
,"C:\\Projects\\zeus-app\\src\\app\\components\\Home\\Home.tsx": {"path":"C:\\Projects\\zeus-app\\src\\app\\components\\Home\\Home.tsx","statementMap":{"0":{"start":{"line":10,"column":23},"end":{"line":28,"column":1}},"1":{"start":{"line":11,"column":16},"end":{"line":11,"column":32}},"2":{"start":{"line":12,"column":2},"end":{"line":27,"column":4}}},"fnMap":{"0":{"name":"(anonymous_0)","decl":{"start":{"line":10,"column":23},"end":{"line":10,"column":24}},"loc":{"start":{"line":10,"column":29},"end":{"line":28,"column":1}},"line":10}},"branchMap":{},"s":{"0":1,"1":4,"2":4},"f":{"0":4},"b":{},"_coverageSchema":"1a1c01bbd47fc00a2c39e90264f33305004495a9","hash":"43255c480fe49ecefcf459406b2a236fa2a3212b"}
,"C:\\Projects\\zeus-app\\src\\app\\components\\Navbar\\Navbar.tsx": {"path":"C:\\Projects\\zeus-app\\src\\app\\components\\Navbar\\Navbar.tsx","statementMap":{"0":{"start":{"line":14,"column":38},"end":{"line":28,"column":1}},"1":{"start":{"line":15,"column":2},"end":{"line":27,"column":4}}},"fnMap":{"0":{"name":"(anonymous_0)","decl":{"start":{"line":14,"column":38},"end":{"line":14,"column":39}},"loc":{"start":{"line":14,"column":73},"end":{"line":28,"column":1}},"line":14}},"branchMap":{"0":{"loc":{"start":{"line":22,"column":11},"end":{"line":22,"column":50}},"type":"cond-expr","locations":[{"start":{"line":22,"column":24},"end":{"line":22,"column":36}},{"start":{"line":22,"column":39},"end":{"line":22,"column":50}}],"line":22}},"s":{"0":1,"1":6},"f":{"0":6},"b":{"0":[1,5]},"_coverageSchema":"1a1c01bbd47fc00a2c39e90264f33305004495a9","hash":"3eaecb429025a8f30f583b72ff89578d7192a8d2"}
,"C:\\Projects\\zeus-app\\src\\app\\components\\auth\\SignIn.tsx": {"path":"C:\\Projects\\zeus-app\\src\\app\\components\\auth\\SignIn.tsx","statementMap":{"0":{"start":{"line":10,"column":25},"end":{"line":21,"column":1}},"1":{"start":{"line":11,"column":16},"end":{"line":11,"column":32}},"2":{"start":{"line":12,"column":23},"end":{"line":12,"column":32}},"3":{"start":{"line":14,"column":22},"end":{"line":18,"column":3}},"4":{"start":{"line":15,"column":4},"end":{"line":17,"column":5}},"5":{"start":{"line":16,"column":6},"end":{"line":16,"column":31}},"6":{"start":{"line":20,"column":2},"end":{"line":20,"column":67}}},"fnMap":{"0":{"name":"(anonymous_0)","decl":{"start":{"line":10,"column":25},"end":{"line":10,"column":26}},"loc":{"start":{"line":10,"column":31},"end":{"line":21,"column":1}},"line":10},"1":{"name":"(anonymous_1)","decl":{"start":{"line":14,"column":22},"end":{"line":14,"column":23}},"loc":{"start":{"line":14,"column":28},"end":{"line":18,"column":3}},"line":14}},"branchMap":{"0":{"loc":{"start":{"line":15,"column":4},"end":{"line":17,"column":5}},"type":"if","locations":[{"start":{"line":15,"column":4},"end":{"line":17,"column":5}},{"start":{},"end":{}}],"line":15}},"s":{"0":1,"1":4,"2":4,"3":4,"4":2,"5":1,"6":4},"f":{"0":4,"1":2},"b":{"0":[1,1]},"_coverageSchema":"1a1c01bbd47fc00a2c39e90264f33305004495a9","hash":"7caa90bdd4197af07e0e2e4d6ab7ce60aa0939f2"}
,"C:\\Projects\\zeus-app\\src\\app\\components\\auth\\SignOut.tsx": {"path":"C:\\Projects\\zeus-app\\src\\app\\components\\auth\\SignOut.tsx","statementMap":{"0":{"start":{"line":10,"column":26},"end":{"line":15,"column":1}},"1":{"start":{"line":11,"column":16},"end":{"line":11,"column":32}},"2":{"start":{"line":12,"column":23},"end":{"line":12,"column":32}},"3":{"start":{"line":14,"column":2},"end":{"line":14,"column":88}},"4":{"start":{"line":14,"column":32},"end":{"line":14,"column":57}}},"fnMap":{"0":{"name":"(anonymous_0)","decl":{"start":{"line":10,"column":26},"end":{"line":10,"column":27}},"loc":{"start":{"line":10,"column":32},"end":{"line":15,"column":1}},"line":10},"1":{"name":"(anonymous_1)","decl":{"start":{"line":14,"column":26},"end":{"line":14,"column":27}},"loc":{"start":{"line":14,"column":32},"end":{"line":14,"column":57}},"line":14}},"branchMap":{},"s":{"0":1,"1":3,"2":3,"3":3,"4":1},"f":{"0":3,"1":1},"b":{},"_coverageSchema":"1a1c01bbd47fc00a2c39e90264f33305004495a9","hash":"1b3010dd77dde0ecc4fa5d02098fde86c50f87e8"}
,"C:\\Projects\\zeus-app\\src\\app\\components\\loading\\AppLoader.tsx": {"path":"C:\\Projects\\zeus-app\\src\\app\\components\\loading\\AppLoader.tsx","statementMap":{"0":{"start":{"line":6,"column":28},"end":{"line":12,"column":1}},"1":{"start":{"line":7,"column":2},"end":{"line":11,"column":4}}},"fnMap":{"0":{"name":"(anonymous_0)","decl":{"start":{"line":6,"column":28},"end":{"line":6,"column":29}},"loc":{"start":{"line":6,"column":34},"end":{"line":12,"column":1}},"line":6}},"branchMap":{},"s":{"0":1,"1":2},"f":{"0":2},"b":{},"_coverageSchema":"1a1c01bbd47fc00a2c39e90264f33305004495a9","hash":"e3fb2f5f2cc05ed1f4b95836f9da698e4d80f818"}
,"C:\\Projects\\zeus-app\\src\\app\\lib\\hooks\\useInitializeMsal.ts": {"path":"C:\\Projects\\zeus-app\\src\\app\\lib\\hooks\\useInitializeMsal.ts","statementMap":{"0":{"start":{"line":10,"column":33},"end":{"line":56,"column":1}},"1":{"start":{"line":11,"column":36},"end":{"line":11,"column":51}},"2":{"start":{"line":13,"column":2},"end":{"line":53,"column":9}},"3":{"start":{"line":14,"column":17},"end":{"line":50,"column":5}},"4":{"start":{"line":15,"column":6},"end":{"line":15,"column":38}},"5":{"start":{"line":17,"column":23},"end":{"line":17,"column":52}},"6":{"start":{"line":18,"column":6},"end":{"line":20,"column":7}},"7":{"start":{"line":19,"column":8},"end":{"line":19,"column":51}},"8":{"start":{"line":22,"column":6},"end":{"line":33,"column":7}},"9":{"start":{"line":23,"column":23},"end":{"line":26,"column":10}},"10":{"start":{"line":28,"column":8},"end":{"line":30,"column":9}},"11":{"start":{"line":29,"column":10},"end":{"line":29,"column":56}},"12":{"start":{"line":35,"column":6},"end":{"line":35,"column":48}},"13":{"start":{"line":37,"column":6},"end":{"line":47,"column":9}},"14":{"start":{"line":38,"column":8},"end":{"line":46,"column":9}},"15":{"start":{"line":43,"column":10},"end":{"line":45,"column":12}},"16":{"start":{"line":49,"column":6},"end":{"line":49,"column":25}},"17":{"start":{"line":52,"column":4},"end":{"line":52,"column":11}},"18":{"start":{"line":55,"column":2},"end":{"line":55,"column":19}}},"fnMap":{"0":{"name":"(anonymous_0)","decl":{"start":{"line":10,"column":33},"end":{"line":10,"column":34}},"loc":{"start":{"line":10,"column":76},"end":{"line":56,"column":1}},"line":10},"1":{"name":"(anonymous_1)","decl":{"start":{"line":13,"column":12},"end":{"line":13,"column":13}},"loc":{"start":{"line":13,"column":18},"end":{"line":53,"column":3}},"line":13},"2":{"name":"(anonymous_2)","decl":{"start":{"line":14,"column":17},"end":{"line":14,"column":18}},"loc":{"start":{"line":14,"column":29},"end":{"line":50,"column":5}},"line":14},"3":{"name":"(anonymous_3)","decl":{"start":{"line":37,"column":36},"end":{"line":37,"column":37}},"loc":{"start":{"line":37,"column":45},"end":{"line":47,"column":7}},"line":37}},"branchMap":{"0":{"loc":{"start":{"line":18,"column":6},"end":{"line":20,"column":7}},"type":"if","locations":[{"start":{"line":18,"column":6},"end":{"line":20,"column":7}},{"start":{},"end":{}}],"line":18},"1":{"loc":{"start":{"line":18,"column":10},"end":{"line":18,"column":65}},"type":"binary-expr","locations":[{"start":{"line":18,"column":10},"end":{"line":18,"column":42}},{"start":{"line":18,"column":46},"end":{"line":18,"column":65}}],"line":18},"2":{"loc":{"start":{"line":24,"column":19},"end":{"line":24,"column":65}},"type":"binary-expr","locations":[{"start":{"line":24,"column":19},"end":{"line":24,"column":50}},{"start":{"line":24,"column":54},"end":{"line":24,"column":65}}],"line":24},"3":{"loc":{"start":{"line":28,"column":8},"end":{"line":30,"column":9}},"type":"if","locations":[{"start":{"line":28,"column":8},"end":{"line":30,"column":9}},{"start":{},"end":{}}],"line":28},"4":{"loc":{"start":{"line":38,"column":8},"end":{"line":46,"column":9}},"type":"if","locations":[{"start":{"line":38,"column":8},"end":{"line":46,"column":9}},{"start":{},"end":{}}],"line":38},"5":{"loc":{"start":{"line":39,"column":10},"end":{"line":41,"column":57}},"type":"binary-expr","locations":[{"start":{"line":39,"column":10},"end":{"line":39,"column":53}},{"start":{"line":40,"column":10},"end":{"line":40,"column":23}},{"start":{"line":41,"column":10},"end":{"line":41,"column":57}}],"line":39}},"s":{"0":1,"1":6,"2":6,"3":3,"4":3,"5":3,"6":3,"7":3,"8":3,"9":3,"10":2,"11":2,"12":3,"13":3,"14":1,"15":1,"16":3,"17":3,"18":6},"f":{"0":6,"1":3,"2":3,"3":1},"b":{"0":[3,0],"1":[3,3],"2":[3,3],"3":[2,0],"4":[1,0],"5":[1,1,1]},"_coverageSchema":"1a1c01bbd47fc00a2c39e90264f33305004495a9","hash":"720b81bae35ae8c4d2e9ba0845614e503b117138"}
}
