TN:
SF:app\components\Button\Button.tsx
FN:11,(anonymous_0)
FNF:1
FNH:1
FNDA:14,(anonymous_0)
DA:11,3
DA:18,14
DA:19,14
DA:20,14
DA:21,14
DA:24,14
DA:30,14
LF:7
LH:7
BRDA:14,0,0,13
BRDA:15,1,0,13
BRDA:24,2,0,1
BRDA:24,2,1,13
BRDA:26,3,0,1
BRDA:26,3,1,12
BRF:6
BRH:6
end_of_record
TN:
SF:app\components\Dashboard\Dashboard.tsx
FN:9,(anonymous_0)
FNF:1
FNH:1
FNDA:4,(anonymous_0)
DA:9,1
DA:10,4
DA:13,4
DA:14,4
DA:16,4
LF:5
LH:5
BRDA:13,0,0,4
BRDA:13,0,1,1
BRF:2
BRH:2
end_of_record
TN:
SF:app\components\Home\Home.tsx
FN:10,(anonymous_0)
FNF:1
FNH:1
FNDA:4,(anonymous_0)
DA:10,1
DA:11,4
DA:12,4
LF:3
LH:3
BRF:0
BRH:0
end_of_record
TN:
SF:app\components\Navbar\Navbar.tsx
FN:14,(anonymous_0)
FNF:1
FNH:1
FNDA:6,(anonymous_0)
DA:14,1
DA:15,6
LF:2
LH:2
BRDA:22,0,0,1
BRDA:22,0,1,5
BRF:2
BRH:2
end_of_record
TN:
SF:app\components\auth\SignIn.tsx
FN:10,(anonymous_0)
FN:14,(anonymous_1)
FNF:2
FNH:2
FNDA:4,(anonymous_0)
FNDA:2,(anonymous_1)
DA:10,1
DA:11,4
DA:12,4
DA:14,4
DA:15,2
DA:16,1
DA:20,4
LF:7
LH:7
BRDA:15,0,0,1
BRDA:15,0,1,1
BRF:2
BRH:2
end_of_record
TN:
SF:app\components\auth\SignOut.tsx
FN:10,(anonymous_0)
FN:14,(anonymous_1)
FNF:2
FNH:2
FNDA:3,(anonymous_0)
FNDA:1,(anonymous_1)
DA:10,1
DA:11,3
DA:12,3
DA:14,3
LF:4
LH:4
BRF:0
BRH:0
end_of_record
TN:
SF:app\components\loading\AppLoader.tsx
FN:6,(anonymous_0)
FNF:1
FNH:1
FNDA:2,(anonymous_0)
DA:6,1
DA:7,2
LF:2
LH:2
BRF:0
BRH:0
end_of_record
TN:
SF:app\lib\hooks\useInitializeMsal.ts
FN:10,(anonymous_0)
FN:13,(anonymous_1)
FN:14,(anonymous_2)
FN:37,(anonymous_3)
FNF:4
FNH:4
FNDA:6,(anonymous_0)
FNDA:3,(anonymous_1)
FNDA:3,(anonymous_2)
FNDA:1,(anonymous_3)
DA:10,1
DA:11,6
DA:13,6
DA:14,3
DA:15,3
DA:17,3
DA:18,3
DA:19,3
DA:22,3
DA:23,3
DA:28,2
DA:29,2
DA:35,3
DA:37,3
DA:38,1
DA:43,1
DA:49,3
DA:52,3
DA:55,6
LF:19
LH:19
BRDA:18,0,0,3
BRDA:18,0,1,0
BRDA:18,1,0,3
BRDA:18,1,1,3
BRDA:24,2,0,3
BRDA:24,2,1,3
BRDA:28,3,0,2
BRDA:28,3,1,0
BRDA:38,4,0,1
BRDA:38,4,1,0
BRDA:39,5,0,1
BRDA:39,5,1,1
BRDA:39,5,2,1
BRF:13
BRH:10
end_of_record
